<?xml version="1.0" encoding="UTF-8"?>
<!-- Generated by org.testng.reporters.JUnitReportReporter -->
<testsuite hostname="elt-73.estblr.com" name="com.redbox.testscripts.NewReleasesScreenTv" tests="1" failures="0" timestamp="18 Jan 2018 10:25:23 GMT" time="0.001" errors="1">
  <testcase name="launchApplication" time="0.001" classname="com.redbox.testscripts.NewReleasesScreenTv"/>
</testsuite> <!-- com.redbox.testscripts.NewReleasesScreenTv -->
