<?xml version="1.0" encoding="UTF-8"?>
<!-- Generated by org.testng.reporters.JUnitReportReporter -->
<testsuite hostname="elt-73.estblr.com" name="com.redbox.testscripts.MapLocation" tests="1" failures="0" timestamp="18 Jan 2018 10:25:23 GMT" time="15.601" errors="0">
  <testcase name="ManagelocationVerify" time="15.601" classname="com.redbox.testscripts.MapLocation"/>
</testsuite> <!-- com.redbox.testscripts.MapLocation -->
