<?xml version="1.0" encoding="UTF-8"?>
<!-- Generated by org.testng.reporters.JUnitReportReporter -->
<testsuite hostname="elt-73.estblr.com" name="com.redbox.testscripts.ShowMapIconDefaultLocation" tests="1" failures="0" timestamp="18 Jan 2018 10:25:23 GMT" time="145.020" errors="0">
  <testcase name="ManagelocationVerify" time="145.020" classname="com.redbox.testscripts.ShowMapIconDefaultLocation"/>
</testsuite> <!-- com.redbox.testscripts.ShowMapIconDefaultLocation -->
