<?xml version="1.0" encoding="UTF-8"?>
<!-- Generated by org.testng.reporters.JUnitReportReporter -->
<testsuite hostname="elt-73.estblr.com" name="com.redbox.testscripts.NewReleaseScreenGames" tests="1" failures="0" timestamp="18 Jan 2018 10:25:23 GMT" time="122.551" errors="0">
  <testcase name="launchApplication" time="122.551" classname="com.redbox.testscripts.NewReleaseScreenGames"/>
</testsuite> <!-- com.redbox.testscripts.NewReleaseScreenGames -->
