<?xml version="1.0" encoding="UTF-8"?>
<!-- Generated by org.testng.reporters.JUnitReportReporter -->
<testsuite hostname="elt-73.estblr.com" name="com.redbox.testscripts.LocationBrowseAllBoxes" tests="1" failures="0" timestamp="18 Jan 2018 10:25:24 GMT" time="151.257" errors="0">
  <testcase name="ManagelocationVerify" time="151.257" classname="com.redbox.testscripts.LocationBrowseAllBoxes"/>
</testsuite> <!-- com.redbox.testscripts.LocationBrowseAllBoxes -->
