<?xml version="1.0" encoding="UTF-8"?>
<!-- Generated by org.testng.reporters.JUnitReportReporter -->
<testsuite hostname="elt-73.estblr.com" name="com.redbox.testscripts.LocationMapDimmed" tests="1" failures="0" timestamp="18 Jan 2018 10:25:23 GMT" time="0.000" errors="1">
  <testcase name="ManagelocationVerify" time="0.000" classname="com.redbox.testscripts.LocationMapDimmed"/>
</testsuite> <!-- com.redbox.testscripts.LocationMapDimmed -->
