<?xml version="1.0" encoding="UTF-8"?>
<!-- Generated by org.testng.reporters.JUnitReportReporter -->
<testsuite hostname="elt-73.estblr.com" name="com.redbox.testscripts.AudienceReview_Games" tests="1" failures="0" timestamp="18 Jan 2018 10:25:24 GMT" time="111.907" errors="0">
  <testcase name="audienceReviewScreen" time="111.907" classname="com.redbox.testscripts.AudienceReview_Games"/>
</testsuite> <!-- com.redbox.testscripts.AudienceReview_Games -->
