<?xml version="1.0" encoding="UTF-8"?>
<!-- Generated by org.testng.reporters.JUnitReportReporter -->
<testsuite hostname="elt-73.estblr.com" name="com.redbox.testscripts.AudiencReview_Movies" tests="1" failures="0" timestamp="18 Jan 2018 09:14:49 GMT" time="140.436" errors="0">
  <testcase name="audienceReviewScreen" time="140.436" classname="com.redbox.testscripts.AudiencReview_Movies"/>
</testsuite> <!-- com.redbox.testscripts.AudiencReview_Movies -->
