<?xml version="1.0" encoding="UTF-8"?>
<!-- Generated by org.testng.reporters.JUnitReportReporter -->
<testsuite hostname="elt-73.estblr.com" name="com.redbox.testscripts.VerifyTitleDetailScreenMovie" tests="1" failures="0" timestamp="18 Jan 2018 09:54:31 GMT" time="126.712" errors="0">
  <testcase name="VerifyTitleViewScreen" time="126.712" classname="com.redbox.testscripts.VerifyTitleDetailScreenMovie"/>
</testsuite> <!-- com.redbox.testscripts.VerifyTitleDetailScreenMovie -->
