<?xml version="1.0" encoding="UTF-8"?>
<!-- Generated by org.testng.reporters.JUnitReportReporter -->
<testsuite hostname="elt-73.estblr.com" name="com.redbox.testscripts.NewReleasesScreenTv" tests="1" failures="0" timestamp="18 Jan 2018 11:27:47 GMT" time="17.302" errors="0">
  <testcase name="launchApplication" time="17.302" classname="com.redbox.testscripts.NewReleasesScreenTv"/>
</testsuite> <!-- com.redbox.testscripts.NewReleasesScreenTv -->
